The system is: Windows - 10.0.18362 - AMD64
Compiling the C compiler identification source file "CMakeCCompilerId.c" succeeded.
Compiler: C:/Program Files (x86)/Microsoft Visual Studio/2019/Community/VC/Tools/MSVC/14.25.28610/bin/Hostx86/x86/cl.exe 
Build flags: 
Id flags:  

The output was:
0
x86용 Microsoft (R) C/C++ 최적화 컴파일러 버전 19.25.28612
Copyright (c) Microsoft Corporation. All rights reserved.

CMakeCCompilerId.c
Microsoft (R) Incremental Linker Version 14.25.28612.0
Copyright (C) Microsoft Corporation.  All rights reserved.

/out:CMakeCCompilerId.exe 
CMakeCCompilerId.obj 


Compilation of the C compiler identification source "CMakeCCompilerId.c" produced "CMakeCCompilerId.exe"

Compilation of the C compiler identification source "CMakeCCompilerId.c" produced "CMakeCCompilerId.obj"

The C compiler identification is MSVC, found in "C:/Users/SEC/CLionProjects/lab1/cmake-build-debug/CMakeFiles/3.17.3/CompilerIdC/CMakeCCompilerId.exe"

Determining if the C compiler works passed with the following output:
Change Dir: C:/Users/SEC/CLionProjects/lab1/cmake-build-debug/CMakeFiles/CMakeTmp

Run Build Command(s):nmake /nologo cmTC_70fa6\fast && 	"C:\Program Files (x86)\Microsoft Visual Studio\2019\Community\VC\Tools\MSVC\14.25.28610\bin\HostX86\x86\nmake.exe"  -f CMakeFiles\cmTC_70fa6.dir\build.make /nologo -L                  CMakeFiles\cmTC_70fa6.dir\build
Building C object CMakeFiles/cmTC_70fa6.dir/testCCompiler.c.obj
	C:\PROGRA~2\MIB055~1\2019\COMMUN~1\VC\Tools\MSVC\1425~1.286\bin\Hostx86\x86\cl.exe @C:\Users\SEC\AppData\Local\Temp\nm8937.tmp
testCCompiler.c
Linking C executable cmTC_70fa6.exe
	"C:\Program Files\JetBrains\CLion 2020.2.1\bin\cmake\win\bin\cmake.exe" -E vs_link_exe --intdir=CMakeFiles\cmTC_70fa6.dir --rc=C:\PROGRA~2\WI3CF2~1\10\bin\100183~1.0\x86\rc.exe --mt=C:\PROGRA~2\WI3CF2~1\10\bin\100183~1.0\x86\mt.exe --manifests  -- C:\PROGRA~2\MIB055~1\2019\COMMUN~1\VC\Tools\MSVC\1425~1.286\bin\Hostx86\x86\link.exe /nologo @CMakeFiles\cmTC_70fa6.dir\objects1.rsp @C:\Users\SEC\AppData\Local\Temp\nm8B6A.tmp



Detecting C compiler ABI info compiled with the following output:
Change Dir: C:/Users/SEC/CLionProjects/lab1/cmake-build-debug/CMakeFiles/CMakeTmp

Run Build Command(s):nmake /nologo cmTC_d5e00\fast && 	"C:\Program Files (x86)\Microsoft Visual Studio\2019\Community\VC\Tools\MSVC\14.25.28610\bin\HostX86\x86\nmake.exe"  -f CMakeFiles\cmTC_d5e00.dir\build.make /nologo -L                  CMakeFiles\cmTC_d5e00.dir\build
Building C object CMakeFiles/cmTC_d5e00.dir/CMakeCCompilerABI.c.obj
	C:\PROGRA~2\MIB055~1\2019\COMMUN~1\VC\Tools\MSVC\1425~1.286\bin\Hostx86\x86\cl.exe @C:\Users\SEC\AppData\Local\Temp\nm9EE2.tmp
CMakeCCompilerABI.c
Linking C executable cmTC_d5e00.exe
	"C:\Program Files\JetBrains\CLion 2020.2.1\bin\cmake\win\bin\cmake.exe" -E vs_link_exe --intdir=CMakeFiles\cmTC_d5e00.dir --rc=C:\PROGRA~2\WI3CF2~1\10\bin\100183~1.0\x86\rc.exe --mt=C:\PROGRA~2\WI3CF2~1\10\bin\100183~1.0\x86\mt.exe --manifests  -- C:\PROGRA~2\MIB055~1\2019\COMMUN~1\VC\Tools\MSVC\1425~1.286\bin\Hostx86\x86\link.exe /nologo @CMakeFiles\cmTC_d5e00.dir\objects1.rsp @C:\Users\SEC\AppData\Local\Temp\nmA3C5.tmp



